#
# There is insufficient memory for the Java Runtime Environment to continue.
# Native memory allocation (malloc) failed to allocate 1528256 bytes for Chunk::new
# Possible reasons:
#   The system is out of physical RAM or swap space
#   In 32 bit mode, the process size limit was hit
# Possible solutions:
#   Reduce memory load on the system
#   Increase physical memory or swap space
#   Check if swap backing store is full
#   Use 64 bit Java on a 64 bit OS
#   Decrease Java heap size (-Xmx/-Xms)
#   Decrease number of Java threads
#   Decrease Java thread stack sizes (-Xss)
#   Set larger code cache with -XX:ReservedCodeCacheSize=
# This output file may be truncated or incomplete.
#
#  Out of Memory Error (allocation.cpp:390), pid=16240, tid=0x000000000000474c
#
# JRE version: OpenJDK Runtime Environment (8.0_152-b01) (build 1.8.0_152-release-915-b01)
# Java VM: OpenJDK 64-Bit Server VM (25.152-b01 mixed mode windows-amd64 compressed oops)
# Failed to write core dump. Minidumps are not enabled by default on client versions of Windows
#

---------------  T H R E A D  ---------------

Current thread (0x0000000015d0a000):  JavaThread "C2 CompilerThread0" daemon [_thread_in_native, id=18252, stack(0x0000000017350000,0x0000000017450000)]

Stack: [0x0000000017350000,0x0000000017450000]
[error occurred during error reporting (printing stack bounds), id 0xc0000005]

Native frames: (J=compiled Java code, j=interpreted, Vv=VM code, C=native code)


Current CompileTask:
C2:  18919 5185       4       sun.reflect.generics.parser.SignatureParser::parseFieldTypeSignature (73 bytes)


---------------  P R O C E S S  ---------------

Java Threads: ( => current thread )
  0x000000001d788000 JavaThread "Memory manager" [_thread_blocked, id=20120, stack(0x00000000203d0000,0x00000000204d0000)]
  0x000000001d789000 JavaThread "Build operations Thread 4" [_thread_blocked, id=20304, stack(0x000000001fbd0000,0x000000001fcd0000)]
  0x000000001d784800 JavaThread "Build operations Thread 3" [_thread_blocked, id=23184, stack(0x000000001fad0000,0x000000001fbd0000)]
  0x000000001d787800 JavaThread "Build operations Thread 2" [_thread_blocked, id=23404, stack(0x000000001e160000,0x000000001e260000)]
  0x000000001d783800 JavaThread "Build operations" [_thread_blocked, id=20272, stack(0x000000001cbd0000,0x000000001ccd0000)]
  0x000000001d783000 JavaThread "Cache worker for Artifact transforms cache (C:\Users\mariam addai\.gradle\caches\transforms-1)" [_thread_blocked, id=21664, stack(0x000000001c890000,0x000000001c990000)]
  0x0000000018d90800 JavaThread "Cache worker for file hash cache (C:\Bremote_UI\.gradle\4.6\fileHashes)" [_thread_blocked, id=22708, stack(0x000000001b7c0000,0x000000001b8c0000)]
  0x0000000018d4f000 JavaThread "File lock request listener" [_thread_in_native, id=22800, stack(0x000000001b6c0000,0x000000001b7c0000)]
  0x0000000018d4e000 JavaThread "Cache worker for file hash cache (C:\Users\mariam addai\.gradle\caches\4.6\fileHashes)" [_thread_blocked, id=17452, stack(0x000000001b5c0000,0x000000001b6c0000)]
  0x000000001899b000 JavaThread "Stdin handler" [_thread_blocked, id=22516, stack(0x000000001b2c0000,0x000000001b3c0000)]
  0x000000001899a800 JavaThread "Asynchronous log dispatcher for DefaultDaemonConnection: socket connection from /127.0.0.1:64854 to /127.0.0.1:64855" [_thread_blocked, id=20152, stack(0x000000001b1c0000,0x000000001b2c0000)]
  0x0000000018999800 JavaThread "Daemon worker" [_thread_in_native, id=23088, stack(0x000000001b0c0000,0x000000001b1c0000)]
  0x0000000018f2d000 JavaThread "Cancel handler" [_thread_blocked, id=22652, stack(0x000000001afc0000,0x000000001b0c0000)]
  0x00000000187fe800 JavaThread "Handler for socket connection from /127.0.0.1:64854 to /127.0.0.1:64855" [_thread_in_native, id=14744, stack(0x000000001acc0000,0x000000001adc0000)]
  0x00000000187fe000 JavaThread "Daemon" [_thread_blocked, id=13760, stack(0x000000001abc0000,0x000000001acc0000)]
  0x00000000191db000 JavaThread "Daemon periodic checks" [_thread_blocked, id=21988, stack(0x000000001aac0000,0x000000001abc0000)]
  0x00000000191d6800 JavaThread "Incoming local TCP Connector on port 64854" [_thread_in_native, id=22644, stack(0x000000001a8d0000,0x000000001a9d0000)]
  0x0000000017678800 JavaThread "Service Thread" daemon [_thread_blocked, id=12216, stack(0x0000000017a50000,0x0000000017b50000)]
  0x0000000015d13000 JavaThread "C1 CompilerThread2" daemon [_thread_blocked, id=21408, stack(0x0000000017550000,0x0000000017650000)]
  0x0000000015d0d000 JavaThread "C2 CompilerThread1" daemon [_thread_in_native, id=23296, stack(0x0000000017450000,0x0000000017550000)]
=>0x0000000015d0a000 JavaThread "C2 CompilerThread0" daemon [_thread_in_native, id=18252, stack(0x0000000017350000,0x0000000017450000)]
  0x0000000015d08800 JavaThread "Attach Listener" daemon [_thread_blocked, id=23168, stack(0x0000000017250000,0x0000000017350000)]
  0x0000000015d15000 JavaThread "Signal Dispatcher" daemon [_thread_blocked, id=21480, stack(0x0000000017150000,0x0000000017250000)]
  0x000000000232c000 JavaThread "Finalizer" daemon [_thread_blocked, id=16628, stack(0x0000000016f70000,0x0000000017070000)]
  0x0000000002320800 JavaThread "Reference Handler" daemon [_thread_blocked, id=21352, stack(0x0000000016e70000,0x0000000016f70000)]
  0x000000000087e000 JavaThread "main" [_thread_blocked, id=21564, stack(0x00000000009b0000,0x0000000000ab0000)]

Other Threads:
  0x0000000015cd6800 VMThread [stack: 0x0000000016d70000,0x0000000016e70000] [id=15132]
  0x0000000015d6d000 WatcherThread [stack: 0x0000000017b50000,0x0000000017c50000] [id=22436]

VM state:not at safepoint (normal execution)

VM Mutex/Monitor currently owned by a thread: None

Heap:
 PSYoungGen      total 164864K, used 145276K [0x00000000e0000000, 0x00000000ed580000, 0x0000000100000000)
  eden space 153088K, 94% used [0x00000000e0000000,0x00000000e8ddf030,0x00000000e9580000)
  from space 11776K, 0% used [0x00000000ea180000,0x00000000ea180000,0x00000000ead00000)
  to   space 12288K, 0% used [0x00000000e9580000,0x00000000e9580000,0x00000000ea180000)
 ParOldGen       total 96256K, used 16560K [0x00000000a0000000, 0x00000000a5e00000, 0x00000000e0000000)
  object space 96256K, 17% used [0x00000000a0000000,0x00000000a102c0d8,0x00000000a5e00000)
 Metaspace       used 46736K, capacity 47862K, committed 48088K, reserved 1091584K
  class space    used 6242K, capacity 6615K, committed 6656K, reserved 1048576K

Card table byte_map: [0x0000000011760000,0x0000000011a70000] byte_map_base: 0x0000000011260000

Marking Bits: (ParMarkBitMap*) 0x00000000729e3950
 Begin Bits: [0x0000000012070000, 0x0000000013870000)
 End Bits:   [0x0000000013870000, 0x0000000015070000)

Polling page: 0x0000000000820000

CodeCache: size=245760Kb used=16331Kb max_used=16591Kb free=229428Kb
 bounds [0x00000000023a0000, 0x00000000033f0000, 0x00000000113a0000]
 total_blobs=5487 nmethods=4731 adapters=668
 compilation: enabled

Compilation events (10 events):
Event: 18.890 Thread 0x0000000015d13000 5269       1       sun.nio.fs.WindowsPath::getPathForPermissionCheck (5 bytes)
Event: 18.890 Thread 0x0000000015d13000 nmethod 5269 0x0000000002db0850 code [0x0000000002db09a0, 0x0000000002db0ab0]
Event: 18.909 Thread 0x0000000015d13000 5270       3       sun.nio.fs.WindowsException::rethrowAsIOException (7 bytes)
Event: 18.909 Thread 0x0000000015d13000 nmethod 5270 0x0000000002db04d0 code [0x0000000002db0640, 0x0000000002db07c8]
Event: 18.909 Thread 0x0000000015d13000 5271       1       java.util.stream.AbstractPipeline::getStreamAndOpFlags (5 bytes)
Event: 18.910 Thread 0x0000000015d13000 nmethod 5271 0x0000000002db0210 code [0x0000000002db0360, 0x0000000002db0470]
Event: 18.910 Thread 0x0000000015d13000 5272       3       java.lang.Exception::<init> (5 bytes)
Event: 18.911 Thread 0x0000000015d13000 nmethod 5272 0x0000000002dafc90 code [0x0000000002dafe00, 0x0000000002db0128]
Event: 18.912 Thread 0x0000000015d13000 5273       3       java.io.File::compareTo (9 bytes)
Event: 18.913 Thread 0x0000000015d13000 nmethod 5273 0x0000000002daf350 code [0x0000000002daf4e0, 0x0000000002daf9c8]

GC Heap History (10 events):
Event: 5.645 GC heap before
{Heap before GC invocations=6 (full 1):
 PSYoungGen      total 71680K, used 5108K [0x00000000e0000000, 0x00000000e9500000, 0x0000000100000000)
  eden space 66560K, 0% used [0x00000000e0000000,0x00000000e0000000,0x00000000e4100000)
  from space 5120K, 99% used [0x00000000e4100000,0x00000000e45fd040,0x00000000e4600000)
  to   space 9728K, 0% used [0x00000000e8b80000,0x00000000e8b80000,0x00000000e9500000)
 ParOldGen       total 87552K, used 8153K [0x00000000a0000000, 0x00000000a5580000, 0x00000000e0000000)
  object space 87552K, 9% used [0x00000000a0000000,0x00000000a07f6688,0x00000000a5580000)
 Metaspace       used 20813K, capacity 21188K, committed 21248K, reserved 1067008K
  class space    used 2905K, capacity 3037K, committed 3072K, reserved 1048576K
Event: 5.721 GC heap after
Heap after GC invocations=6 (full 1):
 PSYoungGen      total 71680K, used 0K [0x00000000e0000000, 0x00000000e9500000, 0x0000000100000000)
  eden space 66560K, 0% used [0x00000000e0000000,0x00000000e0000000,0x00000000e4100000)
  from space 5120K, 0% used [0x00000000e4100000,0x00000000e4100000,0x00000000e4600000)
  to   space 9728K, 0% used [0x00000000e8b80000,0x00000000e8b80000,0x00000000e9500000)
 ParOldGen       total 60416K, used 7774K [0x00000000a0000000, 0x00000000a3b00000, 0x00000000e0000000)
  object space 60416K, 12% used [0x00000000a0000000,0x00000000a0797a58,0x00000000a3b00000)
 Metaspace       used 20813K, capacity 21188K, committed 21248K, reserved 1067008K
  class space    used 2905K, capacity 3037K, committed 3072K, reserved 1048576K
}
Event: 7.091 GC heap before
{Heap before GC invocations=7 (full 1):
 PSYoungGen      total 71680K, used 66560K [0x00000000e0000000, 0x00000000e9500000, 0x0000000100000000)
  eden space 66560K, 100% used [0x00000000e0000000,0x00000000e4100000,0x00000000e4100000)
  from space 5120K, 0% used [0x00000000e4100000,0x00000000e4100000,0x00000000e4600000)
  to   space 9728K, 0% used [0x00000000e8b80000,0x00000000e8b80000,0x00000000e9500000)
 ParOldGen       total 60416K, used 7774K [0x00000000a0000000, 0x00000000a3b00000, 0x00000000e0000000)
  object space 60416K, 12% used [0x00000000a0000000,0x00000000a0797a58,0x00000000a3b00000)
 Metaspace       used 26014K, capacity 26360K, committed 26624K, reserved 1073152K
  class space    used 3627K, capacity 3793K, committed 3840K, reserved 1048576K
Event: 7.104 GC heap after
Heap after GC invocations=7 (full 1):
 PSYoungGen      total 108544K, used 6623K [0x00000000e0000000, 0x00000000e9200000, 0x0000000100000000)
  eden space 101888K, 0% used [0x00000000e0000000,0x00000000e0000000,0x00000000e6380000)
  from space 6656K, 99% used [0x00000000e8b80000,0x00000000e91f7f48,0x00000000e9200000)
  to   space 9728K, 0% used [0x00000000e7f00000,0x00000000e7f00000,0x00000000e8880000)
 ParOldGen       total 60416K, used 7782K [0x00000000a0000000, 0x00000000a3b00000, 0x00000000e0000000)
  object space 60416K, 12% used [0x00000000a0000000,0x00000000a0799a58,0x00000000a3b00000)
 Metaspace       used 26014K, capacity 26360K, committed 26624K, reserved 1073152K
  class space    used 3627K, capacity 3793K, committed 3840K, reserved 1048576K
}
Event: 12.992 GC heap before
{Heap before GC invocations=8 (full 1):
 PSYoungGen      total 108544K, used 108511K [0x00000000e0000000, 0x00000000e9200000, 0x0000000100000000)
  eden space 101888K, 100% used [0x00000000e0000000,0x00000000e6380000,0x00000000e6380000)
  from space 6656K, 99% used [0x00000000e8b80000,0x00000000e91f7f48,0x00000000e9200000)
  to   space 9728K, 0% used [0x00000000e7f00000,0x00000000e7f00000,0x00000000e8880000)
 ParOldGen       total 60416K, used 7782K [0x00000000a0000000, 0x00000000a3b00000, 0x00000000e0000000)
  object space 60416K, 12% used [0x00000000a0000000,0x00000000a0799a58,0x00000000a3b00000)
 Metaspace       used 32420K, capacity 33058K, committed 33280K, reserved 1077248K
  class space    used 4460K, capacity 4744K, committed 4864K, reserved 1048576K
Event: 13.046 GC heap after
Heap after GC invocations=8 (full 1):
 PSYoungGen      total 139776K, used 9696K [0x00000000e0000000, 0x00000000ead00000, 0x0000000100000000)
  eden space 130048K, 0% used [0x00000000e0000000,0x00000000e0000000,0x00000000e7f00000)
  from space 9728K, 99% used [0x00000000e7f00000,0x00000000e8878318,0x00000000e8880000)
  to   space 11776K, 0% used [0x00000000ea180000,0x00000000ea180000,0x00000000ead00000)
 ParOldGen       total 60416K, used 9756K [0x00000000a0000000, 0x00000000a3b00000, 0x00000000e0000000)
  object space 60416K, 16% used [0x00000000a0000000,0x00000000a09871f0,0x00000000a3b00000)
 Metaspace       used 32420K, capacity 33058K, committed 33280K, reserved 1077248K
  class space    used 4460K, capacity 4744K, committed 4864K, reserved 1048576K
}
Event: 14.958 GC heap before
{Heap before GC invocations=9 (full 1):
 PSYoungGen      total 139776K, used 58289K [0x00000000e0000000, 0x00000000ead00000, 0x0000000100000000)
  eden space 130048K, 37% used [0x00000000e0000000,0x00000000e2f744c8,0x00000000e7f00000)
  from space 9728K, 99% used [0x00000000e7f00000,0x00000000e8878318,0x00000000e8880000)
  to   space 11776K, 0% used [0x00000000ea180000,0x00000000ea180000,0x00000000ead00000)
 ParOldGen       total 60416K, used 9756K [0x00000000a0000000, 0x00000000a3b00000, 0x00000000e0000000)
  object space 60416K, 16% used [0x00000000a0000000,0x00000000a09871f0,0x00000000a3b00000)
 Metaspace       used 34775K, capacity 35366K, committed 35416K, reserved 1079296K
  class space    used 4749K, capacity 4978K, committed 4992K, reserved 1048576K
Event: 14.979 GC heap after
Heap after GC invocations=9 (full 1):
 PSYoungGen      total 164864K, used 10306K [0x00000000e0000000, 0x00000000ed580000, 0x0000000100000000)
  eden space 153088K, 0% used [0x00000000e0000000,0x00000000e0000000,0x00000000e9580000)
  from space 11776K, 87% used [0x00000000ea180000,0x00000000eab908d8,0x00000000ead00000)
  to   space 12288K, 0% used [0x00000000e9580000,0x00000000e9580000,0x00000000ea180000)
 ParOldGen       total 60416K, used 9828K [0x00000000a0000000, 0x00000000a3b00000, 0x00000000e0000000)
  object space 60416K, 16% used [0x00000000a0000000,0x00000000a0999200,0x00000000a3b00000)
 Metaspace       used 34775K, capacity 35366K, committed 35416K, reserved 1079296K
  class space    used 4749K, capacity 4978K, committed 4992K, reserved 1048576K
}
Event: 14.979 GC heap before
{Heap before GC invocations=10 (full 2):
 PSYoungGen      total 164864K, used 10306K [0x00000000e0000000, 0x00000000ed580000, 0x0000000100000000)
  eden space 153088K, 0% used [0x00000000e0000000,0x00000000e0000000,0x00000000e9580000)
  from space 11776K, 87% used [0x00000000ea180000,0x00000000eab908d8,0x00000000ead00000)
  to   space 12288K, 0% used [0x00000000e9580000,0x00000000e9580000,0x00000000ea180000)
 ParOldGen       total 60416K, used 9828K [0x00000000a0000000, 0x00000000a3b00000, 0x00000000e0000000)
  object space 60416K, 16% used [0x00000000a0000000,0x00000000a0999200,0x00000000a3b00000)
 Metaspace       used 34775K, capacity 35366K, committed 35416K, reserved 1079296K
  class space    used 4749K, capacity 4978K, committed 4992K, reserved 1048576K
Event: 15.149 GC heap after
Heap after GC invocations=10 (full 2):
 PSYoungGen      total 164864K, used 0K [0x00000000e0000000, 0x00000000ed580000, 0x0000000100000000)
  eden space 153088K, 0% used [0x00000000e0000000,0x00000000e0000000,0x00000000e9580000)
  from space 11776K, 0% used [0x00000000ea180000,0x00000000ea180000,0x00000000ead00000)
  to   space 12288K, 0% used [0x00000000e9580000,0x00000000e9580000,0x00000000ea180000)
 ParOldGen       total 96256K, used 16560K [0x00000000a0000000, 0x00000000a5e00000, 0x00000000e0000000)
  object space 96256K, 17% used [0x00000000a0000000,0x00000000a102c0d8,0x00000000a5e00000)
 Metaspace       used 34775K, capacity 35366K, committed 35416K, reserved 1079296K
  class space    used 4749K, capacity 4978K, committed 4992K, reserved 1048576K
}

Deoptimization events (10 events):
Event: 17.625 Thread 0x0000000018999800 Uncommon trap: reason=unstable_if action=reinterpret pc=0x0000000002b4b384 method=java.util.jar.JarFile.maybeInstantiateVerifier()V @ 75
Event: 17.626 Thread 0x0000000018999800 Uncommon trap: reason=class_check action=maybe_recompile pc=0x0000000002a266c0 method=java.util.jar.JarFile.getJarEntry(Ljava/lang/String;)Ljava/util/jar/JarEntry; @ 2
Event: 17.626 Thread 0x0000000018999800 Uncommon trap: reason=class_check action=maybe_recompile pc=0x0000000002a266c0 method=java.util.jar.JarFile.getJarEntry(Ljava/lang/String;)Ljava/util/jar/JarEntry; @ 2
Event: 17.627 Thread 0x0000000018999800 Uncommon trap: reason=class_check action=maybe_recompile pc=0x0000000002a266c0 method=java.util.jar.JarFile.getJarEntry(Ljava/lang/String;)Ljava/util/jar/JarEntry; @ 2
Event: 17.628 Thread 0x0000000018999800 Uncommon trap: reason=unstable_if action=reinterpret pc=0x0000000002dbc6b8 method=java.util.LinkedHashMap.get(Ljava/lang/Object;)Ljava/lang/Object; @ 20
Event: 17.638 Thread 0x0000000018999800 Uncommon trap: reason=class_check action=maybe_recompile pc=0x0000000002a266c0 method=java.util.jar.JarFile.getJarEntry(Ljava/lang/String;)Ljava/util/jar/JarEntry; @ 2
Event: 18.070 Thread 0x0000000018999800 Uncommon trap: reason=unstable_if action=reinterpret pc=0x0000000003150620 method=java.util.jar.JarFile$JarFileEntry.getCodeSigners()[Ljava/security/CodeSigner; @ 24
Event: 18.072 Thread 0x0000000018999800 Uncommon trap: reason=unstable_if action=reinterpret pc=0x000000000318d0c4 method=java.security.CodeSource.matchCerts(Ljava/security/CodeSource;Z)Z @ 11
Event: 18.072 Thread 0x0000000018999800 Uncommon trap: reason=unstable_if action=reinterpret pc=0x00000000033a84b0 method=java.lang.ClassLoader.compareCerts([Ljava/security/cert/Certificate;[Ljava/security/cert/Certificate;)Z @ 1
Event: 18.288 Thread 0x0000000018999800 Uncommon trap: reason=unstable_if action=reinterpret pc=0x000000000318cc7c method=java.security.CodeSource.matchCerts(Ljava/security/CodeSource;Z)Z @ 11

Classes redefined (0 events):
No events

Internal exceptions (10 events):
Event: 18.909 Thread 0x0000000018999800 Exception <a 'sun/nio/fs/WindowsException'> (0x00000000e8cdd728) thrown at [D:\src\AOSP-openjdk-cygwin\jdk8u\hotspot\src\share\vm\prims\jni.cpp, line 709]
Event: 18.909 Thread 0x0000000018999800 Exception <a 'sun/nio/fs/WindowsException'> (0x00000000e8cde330) thrown at [D:\src\AOSP-openjdk-cygwin\jdk8u\hotspot\src\share\vm\prims\jni.cpp, line 709]
Event: 18.910 Thread 0x0000000018999800 Exception <a 'sun/nio/fs/WindowsException'> (0x00000000e8ce1040) thrown at [D:\src\AOSP-openjdk-cygwin\jdk8u\hotspot\src\share\vm\prims\jni.cpp, line 709]
Event: 18.911 Thread 0x0000000018999800 Exception <a 'sun/nio/fs/WindowsException'> (0x00000000e8ce1c78) thrown at [D:\src\AOSP-openjdk-cygwin\jdk8u\hotspot\src\share\vm\prims\jni.cpp, line 709]
Event: 18.911 Thread 0x0000000018999800 Exception <a 'sun/nio/fs/WindowsException'> (0x00000000e8ce38e0) thrown at [D:\src\AOSP-openjdk-cygwin\jdk8u\hotspot\src\share\vm\prims\jni.cpp, line 709]
Event: 18.911 Thread 0x0000000018999800 Exception <a 'sun/nio/fs/WindowsException'> (0x00000000e8ce4740) thrown at [D:\src\AOSP-openjdk-cygwin\jdk8u\hotspot\src\share\vm\prims\jni.cpp, line 709]
Event: 18.913 Thread 0x0000000018999800 Exception <a 'sun/nio/fs/WindowsException'> (0x00000000e8ce8050) thrown at [D:\src\AOSP-openjdk-cygwin\jdk8u\hotspot\src\share\vm\prims\jni.cpp, line 709]
Event: 18.913 Thread 0x0000000018999800 Exception <a 'sun/nio/fs/WindowsException'> (0x00000000e8ce8b30) thrown at [D:\src\AOSP-openjdk-cygwin\jdk8u\hotspot\src\share\vm\prims\jni.cpp, line 709]
Event: 18.913 Thread 0x0000000018999800 Exception <a 'sun/nio/fs/WindowsException'> (0x00000000e8cea658) thrown at [D:\src\AOSP-openjdk-cygwin\jdk8u\hotspot\src\share\vm\prims\jni.cpp, line 709]
Event: 18.913 Thread 0x0000000018999800 Exception <a 'sun/nio/fs/WindowsException'> (0x00000000e8ceb170) thrown at [D:\src\AOSP-openjdk-cygwin\jdk8u\hotspot\src\share\vm\prims\jni.cpp, line 709]

Events (10 events):
Event: 18.748 loading class java/util/stream/Node$OfDouble done
Event: 18.748 loading class java/util/stream/Nodes$EmptyNode$OfDouble done
Event: 18.748 loading class java/util/stream/Nodes$SpinedNodeBuilder
Event: 18.748 loading class java/util/stream/Node$Builder
Event: 18.748 loading class java/util/stream/Node$Builder done
Event: 18.748 loading class java/util/stream/SpinedBuffer
Event: 18.748 loading class java/util/stream/AbstractSpinedBuffer
Event: 18.749 loading class java/util/stream/AbstractSpinedBuffer done
Event: 18.749 loading class java/util/stream/SpinedBuffer done
Event: 18.749 loading class java/util/stream/Nodes$SpinedNodeBuilder done


Dynamic libraries:
0x00007ff65bcd0000 - 0x00007ff65bd01000 	C:\Program Files\Android\Android Studio\jre\bin\java.exe
0x00007fff399c0000 - 0x00007fff39b6d000 	C:\Windows\SYSTEM32\ntdll.dll
0x00007fff39880000 - 0x00007fff399be000 	C:\Windows\system32\KERNEL32.DLL
0x00007fff36c50000 - 0x00007fff36d65000 	C:\Windows\system32\KERNELBASE.dll
0x00007fff378d0000 - 0x00007fff3797a000 	C:\Windows\system32\ADVAPI32.dll
0x00007fff37050000 - 0x00007fff371c7000 	C:\Windows\system32\USER32.dll
0x00007fff340b0000 - 0x00007fff3432b000 	C:\Windows\WinSxS\amd64_microsoft.windows.common-controls_6595b64144ccf1df_6.0.9600.18006_none_623f33d3ecbe86e8\COMCTL32.dll
0x00007fff37640000 - 0x00007fff376ea000 	C:\Windows\system32\msvcrt.dll
0x00007fff39820000 - 0x00007fff39879000 	C:\Windows\SYSTEM32\sechost.dll
0x00007fff379e0000 - 0x00007fff37b20000 	C:\Windows\system32\RPCRT4.dll
0x00007fff39340000 - 0x00007fff3948b000 	C:\Windows\system32\GDI32.dll
0x00007fff36bc0000 - 0x00007fff36bee000 	C:\Windows\system32\SspiCli.dll
0x00007fff374a0000 - 0x00007fff374d6000 	C:\Windows\system32\IMM32.DLL
0x00007fff374e0000 - 0x00007fff37631000 	C:\Windows\system32\MSCTF.dll
0x0000000072070000 - 0x0000000072142000 	C:\Program Files\Android\Android Studio\jre\jre\bin\msvcr100.dll
0x0000000072220000 - 0x0000000072a5e000 	C:\Program Files\Android\Android Studio\jre\jre\bin\server\jvm.dll
0x00007fff32070000 - 0x00007fff32079000 	C:\Windows\SYSTEM32\WSOCK32.dll
0x00007fff2e8e0000 - 0x00007fff2e902000 	C:\Windows\SYSTEM32\WINMM.dll
0x00007fff2e2c0000 - 0x00007fff2e2ca000 	C:\Windows\SYSTEM32\VERSION.dll
0x00007fff39330000 - 0x00007fff39337000 	C:\Windows\system32\PSAPI.DLL
0x00007fff37980000 - 0x00007fff379da000 	C:\Windows\system32\WS2_32.dll
0x00007fff2e8b0000 - 0x00007fff2e8da000 	C:\Windows\SYSTEM32\WINMMBASE.dll
0x00007fff39780000 - 0x00007fff39789000 	C:\Windows\system32\NSI.dll
0x00007fff36f50000 - 0x00007fff36f9f000 	C:\Windows\SYSTEM32\cfgmgr32.dll
0x00007fff35930000 - 0x00007fff35958000 	C:\Windows\SYSTEM32\DEVOBJ.dll
0x00007fff355b0000 - 0x00007fff355bf000 	C:\Program Files\Android\Android Studio\jre\jre\bin\verify.dll
0x00007fff22f10000 - 0x00007fff22f39000 	C:\Program Files\Android\Android Studio\jre\jre\bin\java.dll
0x00007fff23a60000 - 0x00007fff23a76000 	C:\Program Files\Android\Android Studio\jre\jre\bin\zip.dll
0x00007fff37e00000 - 0x00007fff3932c000 	C:\Windows\system32\SHELL32.dll
0x00007fff37be0000 - 0x00007fff37df2000 	C:\Windows\SYSTEM32\combase.dll
0x00007fff39790000 - 0x00007fff397e4000 	C:\Windows\system32\SHLWAPI.dll
0x00007fff34590000 - 0x00007fff34642000 	C:\Windows\SYSTEM32\SHCORE.dll
0x00007fff36af0000 - 0x00007fff36b05000 	C:\Windows\SYSTEM32\profapi.dll
0x00007fff22b10000 - 0x00007fff22b2a000 	C:\Program Files\Android\Android Studio\jre\jre\bin\net.dll
0x00007fff36380000 - 0x00007fff363d9000 	C:\Windows\system32\mswsock.dll
0x00007fff21500000 - 0x00007fff21511000 	C:\Program Files\Android\Android Studio\jre\jre\bin\nio.dll
0x00007fff1dba0000 - 0x00007fff1dbbe000 	C:\Users\mariam addai\.gradle\native\25\windows-amd64\native-platform.dll
0x00007fff2d120000 - 0x00007fff2d12d000 	C:\Program Files\Android\Android Studio\jre\jre\bin\management.dll
0x00007fff363e0000 - 0x00007fff36400000 	C:\Windows\SYSTEM32\CRYPTSP.dll
0x00007fff36000000 - 0x00007fff36036000 	C:\Windows\system32\rsaenh.dll
0x00007fff36630000 - 0x00007fff36656000 	C:\Windows\SYSTEM32\bcrypt.dll
0x00007fff36110000 - 0x00007fff36131000 	C:\Windows\SYSTEM32\USERENV.dll
0x00007fff36950000 - 0x00007fff369b3000 	C:\Windows\system32\bcryptprimitives.dll
0x00007fff369c0000 - 0x00007fff369cb000 	C:\Windows\SYSTEM32\CRYPTBASE.dll
0x00007fff31180000 - 0x00007fff311aa000 	C:\Windows\SYSTEM32\IPHLPAPI.DLL
0x00007fff31160000 - 0x00007fff3116a000 	C:\Windows\SYSTEM32\WINNSI.DLL
0x00007fff30ba0000 - 0x00007fff30bb6000 	C:\Windows\SYSTEM32\dhcpcsvc6.DLL
0x00007fff30e30000 - 0x00007fff30e4a000 	C:\Windows\SYSTEM32\dhcpcsvc.DLL

VM Arguments:
jvm_args: -Xmx1536m -Dfile.encoding=windows-1252 -Duser.country=US -Duser.language=en -Duser.variant 
java_command: org.gradle.launcher.daemon.bootstrap.GradleDaemon 4.6
java_class_path (initial): C:\Program Files\Android\Android Studio\gradle\gradle-4.6\lib\gradle-launcher-4.6.jar
Launcher Type: SUN_STANDARD

Environment Variables:
PATH=C:\Program Files\Java\jdk-9.0.4\bin;C:\Program Files\Java\jdk1.8.0_77\bin;C:\ProgramData\Oracle\Java\javapath;C:\Program Files (x86)\Intel\iCLS Client\;C:\Program Files\Intel\iCLS Client\;C:\Windows\system32;C:\Windows;C:\Windows\System32\Wbem;C:\Windows\System32\WindowsPowerShell\v1.0\;C:\Program Files\Intel\Intel(R) Management Engine Components\DAL;C:\Program Files (x86)\Intel\Intel(R) Management Engine Components\DAL;C:\Program Files\Intel\Intel(R) Management Engine Components\IPT;C:\Program Files (x86)\Intel\Intel(R) Management Engine Components\IPT;C:\Program Files\Intel\WiFi\bin\;C:\Program Files\Common Files\Intel\WirelessCommon\;C:\Program Files\nodejs\;C:\Program Files\MATLAB\R2017a\runtime\win64;C:\Program Files\MATLAB\R2017a\bin;C:\Users\mariam addai\AppData\Roaming\npm
USERNAME=mariam addai
OS=Windows_NT
PROCESSOR_IDENTIFIER=Intel64 Family 6 Model 61 Stepping 4, GenuineIntel



---------------  S Y S T E M  ---------------

OS: Windows 8.1 , 64 bit Build 9600 (6.3.9600.17415)

CPU:total 4 (initial active 4) (2 cores per cpu, 2 threads per core) family 6 model 61 stepping 4, cmov, cx8, fxsr, mmx, sse, sse2, sse3, ssse3, sse4.1, sse4.2, popcnt, avx, avx2, aes, clmul, erms, 3dnowpref, lzcnt, ht, tsc, tscinvbit, bmi1, bmi2, adx

Memory: 4k page, physical 8289364k(285224k free), swap 13143536k(5664k free)

vm_info: OpenJDK 64-Bit Server VM (25.152-b01) for windows-amd64 JRE (1.8.0_152-release-915-b01), built by "builder" with MS VC++ 10.0 (VS2010)

time: Wed Apr 11 23:47:32 2018
elapsed time: 18 seconds (0d 0h 0m 18s)

